Log file open, 01/27/23 17:50:19
LogWindows: Failed to load 'aqProf.dll' (GetLastError=126)
LogWindows: File 'aqProf.dll' does not exist
LogWindows: Failed to load 'VtuneApi.dll' (GetLastError=126)
LogWindows: File 'VtuneApi.dll' does not exist
LogWindows: Failed to load 'VtuneApi32e.dll' (GetLastError=126)
LogWindows: File 'VtuneApi32e.dll' does not exist
LogConsoleResponse: Display: Failed to find resolution value strings in scalability ini. Falling back to default.
LogConsoleResponse: Display: Failed to find resolution value strings in scalability ini. Falling back to default.
LogInit: Display: Running engine for game: AIfOrRPG
LogPlatformFile: Not using cached read wrapper
LogTaskGraph: Started task graph with 5 named threads and 11 total threads with 3 sets of task threads.
LogStats: Stats thread started at 1.522575
LogICUInternationalization: ICU TimeZone Detection - Raw Offset: +3:00, Platform Override: ''
LogInit: Display: Loading text-based GConfig....
LogPluginManager: Mounting plugin MeshPainting
LogPluginManager: Mounting plugin XGEController
LogPluginManager: Mounting plugin AISupport
LogPluginManager: Mounting plugin Paper2D
LogPluginManager: Mounting plugin EnvironmentQueryEditor
LogPluginManager: Mounting plugin LiveLink
LogPluginManager: Mounting plugin LightPropagationVolume
LogPluginManager: Mounting plugin CameraShakePreviewer
LogPluginManager: Mounting plugin GameplayCameras
LogPluginManager: Mounting plugin OodleData
LogPluginManager: Mounting plugin OodleNetwork
LogPluginManager: Mounting plugin AnimationSharing
LogPluginManager: Mounting plugin CLionSourceCodeAccess
LogPluginManager: Mounting plugin CodeLiteSourceCodeAccess
LogPluginManager: Mounting plugin KDevelopSourceCodeAccess
LogPluginManager: Mounting plugin NullSourceCodeAccess
LogPluginManager: Mounting plugin PerforceSourceControl
LogPluginManager: Mounting plugin PixWinPlugin
LogPluginManager: Mounting plugin PlasticSourceControl
LogPluginManager: Mounting plugin PluginUtils
LogPluginManager: Mounting plugin GitSourceControl
LogPluginManager: Mounting plugin PropertyAccessNode
LogPluginManager: Mounting plugin AssetManagerEditor
LogPluginManager: Mounting plugin RiderSourceCodeAccess
LogPluginManager: Mounting plugin SubversionSourceControl
LogPluginManager: Mounting plugin TextureFormatOodle
LogPluginManager: Mounting plugin CryptoKeys
LogPluginManager: Mounting plugin CurveEditorTools
LogPluginManager: Mounting plugin DataValidation
LogPluginManager: Mounting plugin UObjectPlugin
LogPluginManager: Mounting plugin FacialAnimation
LogPluginManager: Mounting plugin VisualStudioCodeSourceCodeAccess
LogPluginManager: Mounting plugin GameplayTagsEditor
LogPluginManager: Mounting plugin GeometryMode
LogPluginManager: Mounting plugin VisualStudioSourceCodeAccess
LogPluginManager: Mounting plugin XCodeSourceCodeAccess
LogPluginManager: Mounting plugin MacGraphicsSwitching
LogPluginManager: Mounting plugin MaterialAnalyzer
LogPluginManager: Mounting plugin PluginBrowser
LogPluginManager: Mounting plugin SpeedTreeImporter
LogPluginManager: Mounting plugin MobileLauncherProfileWizard
LogPluginManager: Mounting plugin AlembicImporter
LogPluginManager: Mounting plugin DatasmithContent
LogPluginManager: Mounting plugin AutomationUtils
LogPluginManager: Mounting plugin BackChannel
LogPluginManager: Mounting plugin ChaosCloth
LogPluginManager: Mounting plugin ChaosClothEditor
LogPluginManager: Mounting plugin ChaosEditor
LogPluginManager: Mounting plugin VariantManagerContent
LogPluginManager: Mounting plugin ChaosSolverPlugin
LogPluginManager: Mounting plugin ChaosNiagara
LogPluginManager: Mounting plugin CharacterAI
LogPluginManager: Mounting plugin GeometryCache
LogPluginManager: Mounting plugin GeometryCollectionPlugin
LogPluginManager: Mounting plugin GeometryProcessing
LogPluginManager: Mounting plugin MotoSynth
LogPluginManager: Mounting plugin OpenImageDenoise
LogPluginManager: Mounting plugin PlanarCut
LogPluginManager: Mounting plugin PlatformCrypto
LogPluginManager: Mounting plugin ProxyLODPlugin
LogPluginManager: Mounting plugin PythonScriptPlugin
LogPluginManager: Mounting plugin SkeletalReduction
LogPluginManager: Mounting plugin Niagara
LogPluginManager: Mounting plugin LuminPlatformFeatures
LogPluginManager: Mounting plugin MagicLeap
LogPluginManager: Mounting plugin MagicLeapLightEstimation
LogPluginManager: Mounting plugin MagicLeapMedia
LogPluginManager: Mounting plugin MagicLeapPassableWorld
LogPluginManager: Mounting plugin MLSDK
LogPluginManager: Mounting plugin AndroidMedia
LogPluginManager: Mounting plugin AvfMedia
LogPluginManager: Mounting plugin ImgMedia
LogPluginManager: Mounting plugin MediaCompositing
LogPluginManager: Mounting plugin MediaPlayerEditor
LogPluginManager: Mounting plugin WebMMedia
LogPluginManager: Mounting plugin WmfMedia
LogPluginManager: Mounting plugin UdpMessaging
LogPluginManager: Mounting plugin TcpMessaging
LogPluginManager: Mounting plugin ActorSequence
LogPluginManager: Mounting plugin MatineeToLevelSequence
LogPluginManager: Mounting plugin LevelSequenceEditor
LogPluginManager: Mounting plugin TemplateSequence
LogPluginManager: Mounting plugin OnlineSubsystem
LogPluginManager: Mounting plugin OnlineSubsystemNull
LogPluginManager: Mounting plugin OnlineSubsystemUtils
LogPluginManager: Mounting plugin LauncherChunkInstaller
LogPluginManager: Mounting plugin ActorLayerUtilities
LogPluginManager: Mounting plugin AndroidDeviceProfileSelector
LogPluginManager: Mounting plugin AndroidMoviePlayer
LogPluginManager: Mounting plugin AndroidPermission
LogPluginManager: Mounting plugin ApexDestruction
LogPluginManager: Mounting plugin AppleMoviePlayer
LogPluginManager: Mounting plugin AppleImageUtils
LogPluginManager: Mounting plugin ArchVisCharacter
LogPluginManager: Mounting plugin AssetTags
LogPluginManager: Mounting plugin AudioCapture
LogPluginManager: Mounting plugin AudioSynesthesia
LogPluginManager: Mounting plugin CableComponent
LogPluginManager: Mounting plugin CustomMeshComponent
LogPluginManager: Mounting plugin ChunkDownloader
LogPluginManager: Mounting plugin EditableMesh
LogPluginManager: Mounting plugin ExampleDeviceProfileSelector
LogPluginManager: Mounting plugin GoogleCloudMessaging
LogPluginManager: Mounting plugin GooglePAD
LogPluginManager: Mounting plugin IOSDeviceProfileSelector
LogPluginManager: Mounting plugin LinuxDeviceProfileSelector
LogPluginManager: Mounting plugin LocationServicesBPLibrary
LogPluginManager: Mounting plugin MobilePatchingUtils
LogPluginManager: Mounting plugin OpenXR
LogPluginManager: Mounting plugin OpenXREyeTracker
LogPluginManager: Mounting plugin OpenXRHandTracking
LogPluginManager: Mounting plugin PhysXVehicles
LogPluginManager: Mounting plugin PostSplashScreen
LogPluginManager: Mounting plugin ProceduralMeshComponent
LogPluginManager: Mounting plugin PropertyAccessEditor
LogPluginManager: Mounting plugin RuntimePhysXCooking
LogPluginManager: Mounting plugin SignificanceManager
LogPluginManager: Mounting plugin SoundFields
LogPluginManager: Mounting plugin Synthesis
LogPluginManager: Mounting plugin WebMMoviePlayer
LogPluginManager: Mounting plugin WindowsMoviePlayer
LogPluginManager: Mounting plugin ScreenshotTools
LogPluginManager: Mounting plugin Takes
LogPluginManager: Mounting plugin ContentBrowserAssetDataSource
LogPluginManager: Mounting plugin ContentBrowserClassDataSource
LogPluginManager: Mounting plugin ContentBrowserFileDataSource
LogPluginManager: Mounting plugin OnlineSubsystemGooglePlay
LogPluginManager: Mounting plugin OnlineSubsystemIOS
LogPluginManager: Mounting plugin OculusVR
LogPluginManager: Mounting plugin SteamVR
PixWinPlugin: PIX capture plugin failed to initialize! Check that the process is launched from PIX.
LogInit: Using libcurl 7.55.1-DEV
LogInit:  - built for x86_64-pc-win32
LogInit:  - supports SSL with OpenSSL/1.1.1
LogInit:  - supports HTTP deflate (compression) using libz 1.2.8
LogInit:  - other features:
LogInit:      CURL_VERSION_SSL
LogInit:      CURL_VERSION_LIBZ
LogInit:      CURL_VERSION_IPV6
LogInit:      CURL_VERSION_ASYNCHDNS
LogInit:      CURL_VERSION_LARGEFILE
LogInit:      CURL_VERSION_IDN
LogInit:  CurlRequestOptions (configurable via config and command line):
LogInit:  - bVerifyPeer = true  - Libcurl will verify peer certificate
LogInit:  - bUseHttpProxy = false  - Libcurl will NOT use HTTP proxy
LogInit:  - bDontReuseConnections = false  - Libcurl will reuse connections
LogInit:  - MaxHostConnections = 16  - Libcurl will limit the number of connections to a host
LogInit:  - LocalHostAddr = Default
LogInit:  - BufferSize = 65536
LogOnline: OSS: Creating online subsystem instance for: NULL
LogInit: WinSock: version 1.1 (2.2), MaxSocks=32767, MaxUdp=65467
LogOnline: OSS: TryLoadSubsystemAndSetDefault: Loaded subsystem for module [NULL]
LogOculusPluginWrapper: OculusPlugin initialized successfully
LogHMD: Failed initializing OVRPlugin 1.59.0
LogInit: Build: ++UE4+Release-4.27-CL-18319896
LogInit: Engine Version: 4.27.2-18319896+++UE4+Release-4.27
LogInit: Compatible Engine Version: 4.27.0-17155196+++UE4+Release-4.27
LogInit: Net CL: 17155196
LogInit: OS: Windows 10 (Release 2009) (), CPU:         Intel(R) Core(TM) i3-2130 CPU @ 3.40GHz, GPU: AMD Radeon HD 6570
LogInit: Compiled (64-bit): Nov 30 2021 07:12:08
LogInit: Compiled with Visual C++: 19.24.28315.00
LogInit: Build Configuration: Development
LogInit: Branch Name: ++UE4+Release-4.27
LogInit: Command Line: 
LogInit: Base Directory: D:/Games/UE_4.27/Engine/Binaries/Win64/
LogInit: Allocator: TBB
LogInit: Installed Engine Build: 1
LogDevObjectVersion: Number of dev versions registered: 29
LogDevObjectVersion:   Dev-Blueprints (B0D832E4-1F89-4F0D-ACCF-7EB736FD4AA2): 10
LogDevObjectVersion:   Dev-Build (E1C64328-A22C-4D53-A36C-8E866417BD8C): 0
LogDevObjectVersion:   Dev-Core (375EC13C-06E4-48FB-B500-84F0262A717E): 4
LogDevObjectVersion:   Dev-Editor (E4B068ED-F494-42E9-A231-DA0B2E46BB41): 40
LogDevObjectVersion:   Dev-Framework (CFFC743F-43B0-4480-9391-14DF171D2073): 37
LogDevObjectVersion:   Dev-Mobile (B02B49B5-BB20-44E9-A304-32B752E40360): 3
LogDevObjectVersion:   Dev-Networking (A4E4105C-59A1-49B5-A7C5-40C4547EDFEE): 0
LogDevObjectVersion:   Dev-Online (39C831C9-5AE6-47DC-9A44-9C173E1C8E7C): 0
LogDevObjectVersion:   Dev-Physics (78F01B33-EBEA-4F98-B9B4-84EACCB95AA2): 14
LogDevObjectVersion:   Dev-Platform (6631380F-2D4D-43E0-8009-CF276956A95A): 0
LogDevObjectVersion:   Dev-Rendering (12F88B9F-8875-4AFC-A67C-D90C383ABD29): 45
LogDevObjectVersion:   Dev-Sequencer (7B5AE74C-D270-4C10-A958-57980B212A5A): 13
LogDevObjectVersion:   Dev-VR (D7296918-1DD6-4BDD-9DE2-64A83CC13884): 3
LogDevObjectVersion:   Dev-LoadTimes (C2A15278-BFE7-4AFE-6C17-90FF531DF755): 1
LogDevObjectVersion:   Private-Geometry (6EACA3D4-40EC-4CC1-B786-8BED09428FC5): 3
LogDevObjectVersion:   Dev-AnimPhys (29E575DD-E0A3-4627-9D10-D276232CDCEA): 17
LogDevObjectVersion:   Dev-Anim (AF43A65D-7FD3-4947-9873-3E8ED9C1BB05): 15
LogDevObjectVersion:   Dev-ReflectionCapture (6B266CEC-1EC7-4B8F-A30B-E4D90942FC07): 1
LogDevObjectVersion:   Dev-Automation (0DF73D61-A23F-47EA-B727-89E90C41499A): 1
LogDevObjectVersion:   FortniteMain (601D1886-AC64-4F84-AA16-D3DE0DEAC7D6): 47
LogDevObjectVersion:   FortniteRelease (E7086368-6B23-4C58-8439-1B7016265E91): 1
LogDevObjectVersion:   Dev-Enterprise (9DFFBCD6-494F-0158-E221-12823C92A888): 10
LogDevObjectVersion:   Dev-Niagara (F2AED0AC-9AFE-416F-8664-AA7FFA26D6FC): 1
LogDevObjectVersion:   Dev-Destruction (174F1F0B-B4C6-45A5-B13F-2EE8D0FB917D): 10
LogDevObjectVersion:   Dev-Physics-Ext (35F94A83-E258-406C-A318-09F59610247C): 41
LogDevObjectVersion:   Dev-PhysicsMaterial-Chaos (B68FC16E-8B1B-42E2-B453-215C058844FE): 1
LogDevObjectVersion:   Dev-CineCamera (B2E18506-4273-CFC2-A54E-F4BB758BBA07): 1
LogDevObjectVersion:   Dev-VirtualProduction (64F58936-FD1B-42BA-BA96-7289D5D0FA4E): 1
LogDevObjectVersion:   Dev-MediaFramework (6F0ED827-A609-4895-9C91-998D90180EA4): 2
LogInit: Presizing for max 25165824 objects, including 0 objects not considered by GC, pre-allocating 0 bytes for permanent pool.
LogConfig: Applying CVar settings from Section [/Script/Engine.StreamingSettings] File [D:/Gid/AIR/Saved/Config/Windows/Engine.ini]
LogConfig: Setting CVar [[s.MinBulkDataSizeForAsyncLoading:131072]]
LogConfig: Setting CVar [[s.AsyncLoadingThreadEnabled:0]]
LogConfig: Setting CVar [[s.EventDrivenLoaderEnabled:1]]
LogConfig: Setting CVar [[s.WarnIfTimeLimitExceeded:0]]
LogConfig: Setting CVar [[s.TimeLimitExceededMultiplier:1.5]]
LogConfig: Setting CVar [[s.TimeLimitExceededMinTime:0.005]]
LogConfig: Setting CVar [[s.UseBackgroundLevelStreaming:1]]
LogConfig: Setting CVar [[s.PriorityAsyncLoadingExtraTime:15.0]]
LogConfig: Setting CVar [[s.LevelStreamingActorsUpdateTimeLimit:5.0]]
LogConfig: Setting CVar [[s.PriorityLevelStreamingActorsUpdateExtraTime:5.0]]
LogConfig: Setting CVar [[s.LevelStreamingComponentsRegistrationGranularity:10]]
LogConfig: Setting CVar [[s.UnregisterComponentsTimeLimit:1.0]]
LogConfig: Setting CVar [[s.LevelStreamingComponentsUnregistrationGranularity:5]]
LogConfig: Setting CVar [[s.FlushStreamingOnExit:1]]
LogInit: Object subsystem initialized
LogConfig: Setting CVar [[con.DebugEarlyDefault:1]]
LogConfig: Setting CVar [[r.setres:1280x720]]
[2023.01.27-14.50.27:789][  0]LogConfig: Setting CVar [[r.VSync:0]]
[2023.01.27-14.50.27:789][  0]LogConfig: Setting CVar [[r.RHICmdBypass:0]]
[2023.01.27-14.50.27:789][  0]LogConfig: Applying CVar settings from Section [/Script/Engine.RendererSettings] File [D:/Gid/AIR/Saved/Config/Windows/Engine.ini]
[2023.01.27-14.50.27:790][  0]LogConfig: Setting CVar [[r.GPUCrashDebugging:0]]
[2023.01.27-14.50.27:790][  0]LogConfig: Setting CVar [[r.SkinCache.CompileShaders:1]]
[2023.01.27-14.50.27:790][  0]LogConfig: Applying CVar settings from Section [/Script/Engine.RendererOverrideSettings] File [D:/Gid/AIR/Saved/Config/Windows/Engine.ini]
[2023.01.27-14.50.27:790][  0]LogConfig: Applying CVar settings from Section [/Script/Engine.StreamingSettings] File [D:/Gid/AIR/Saved/Config/Windows/Engine.ini]
[2023.01.27-14.50.27:790][  0]LogConfig: Setting CVar [[s.MinBulkDataSizeForAsyncLoading:131072]]
[2023.01.27-14.50.27:790][  0]LogConfig: Setting CVar [[s.AsyncLoadingThreadEnabled:0]]
[2023.01.27-14.50.27:790][  0]LogConfig: Setting CVar [[s.EventDrivenLoaderEnabled:1]]
[2023.01.27-14.50.27:790][  0]LogConfig: Setting CVar [[s.WarnIfTimeLimitExceeded:0]]
[2023.01.27-14.50.27:790][  0]LogConfig: Setting CVar [[s.TimeLimitExceededMultiplier:1.5]]
[2023.01.27-14.50.27:790][  0]LogConfig: Setting CVar [[s.TimeLimitExceededMinTime:0.005]]
[2023.01.27-14.50.27:790][  0]LogConfig: Setting CVar [[s.UseBackgroundLevelStreaming:1]]
[2023.01.27-14.50.27:790][  0]LogConfig: Setting CVar [[s.PriorityAsyncLoadingExtraTime:15.0]]
[2023.01.27-14.50.27:791][  0]LogConfig: Setting CVar [[s.LevelStreamingActorsUpdateTimeLimit:5.0]]
[2023.01.27-14.50.27:791][  0]LogConfig: Setting CVar [[s.PriorityLevelStreamingActorsUpdateExtraTime:5.0]]
[2023.01.27-14.50.27:791][  0]LogConfig: Setting CVar [[s.LevelStreamingComponentsRegistrationGranularity:10]]
[2023.01.27-14.50.27:791][  0]LogConfig: Setting CVar [[s.UnregisterComponentsTimeLimit:1.0]]
[2023.01.27-14.50.27:791][  0]LogConfig: Setting CVar [[s.LevelStreamingComponentsUnregistrationGranularity:5]]
[2023.01.27-14.50.27:791][  0]LogConfig: Setting CVar [[s.FlushStreamingOnExit:1]]
[2023.01.27-14.50.27:791][  0]LogConfig: Applying CVar settings from Section [/Script/Engine.GarbageCollectionSettings] File [D:/Gid/AIR/Saved/Config/Windows/Engine.ini]
[2023.01.27-14.50.27:791][  0]LogConfig: Setting CVar [[gc.MaxObjectsNotConsideredByGC:1]]
[2023.01.27-14.50.27:791][  0]LogConfig: Setting CVar [[gc.SizeOfPermanentObjectPool:0]]
[2023.01.27-14.50.27:791][  0]LogConfig: Setting CVar [[gc.FlushStreamingOnGC:0]]
[2023.01.27-14.50.27:791][  0]LogConfig: Setting CVar [[gc.NumRetriesBeforeForcingGC:10]]
[2023.01.27-14.50.27:791][  0]LogConfig: Setting CVar [[gc.AllowParallelGC:1]]
[2023.01.27-14.50.27:792][  0]LogConfig: Setting CVar [[gc.TimeBetweenPurgingPendingKillObjects:61.1]]
[2023.01.27-14.50.27:792][  0]LogConfig: Setting CVar [[gc.MaxObjectsInEditor:25165824]]
[2023.01.27-14.50.27:792][  0]LogConfig: Setting CVar [[gc.IncrementalBeginDestroyEnabled:1]]
[2023.01.27-14.50.27:792][  0]LogConfig: Setting CVar [[gc.CreateGCClusters:1]]
[2023.01.27-14.50.27:792][  0]LogConfig: Setting CVar [[gc.MinGCClusterSize:5]]
[2023.01.27-14.50.27:792][  0]LogConfig: Setting CVar [[gc.ActorClusteringEnabled:0]]
[2023.01.27-14.50.27:792][  0]LogConfig: Setting CVar [[gc.BlueprintClusteringEnabled:0]]
[2023.01.27-14.50.27:792][  0]LogConfig: Setting CVar [[gc.UseDisregardForGCOnDedicatedServers:0]]
[2023.01.27-14.50.27:792][  0]LogConfig: Setting CVar [[gc.MultithreadedDestructionEnabled:1]]
[2023.01.27-14.50.27:792][  0]LogConfig: Applying CVar settings from Section [/Script/Engine.NetworkSettings] File [D:/Gid/AIR/Saved/Config/Windows/Engine.ini]
[2023.01.27-14.50.27:793][  0]LogConfig: Applying CVar settings from Section [/Script/UnrealEd.CookerSettings] File [D:/Gid/AIR/Saved/Config/Windows/Engine.ini]
[2023.01.27-14.50.27:812][  0]LogConfig: Applying CVar settings from Section [ViewDistanceQuality@3] File [D:/Gid/AIR/Saved/Config/Windows/Scalability.ini]
[2023.01.27-14.50.27:812][  0]LogConfig: Setting CVar [[r.SkeletalMeshLODBias:0]]
[2023.01.27-14.50.27:812][  0]LogConfig: Setting CVar [[r.ViewDistanceScale:1.0]]
[2023.01.27-14.50.27:812][  0]LogConfig: Applying CVar settings from Section [AntiAliasingQuality@3] File [D:/Gid/AIR/Saved/Config/Windows/Scalability.ini]
[2023.01.27-14.50.27:812][  0]LogConfig: Setting CVar [[r.PostProcessAAQuality:4]]
[2023.01.27-14.50.27:812][  0]LogConfig: Applying CVar settings from Section [ShadowQuality@3] File [D:/Gid/AIR/Saved/Config/Windows/Scalability.ini]
[2023.01.27-14.50.27:813][  0]LogConfig: Setting CVar [[r.LightFunctionQuality:1]]
[2023.01.27-14.50.27:813][  0]LogConfig: Setting CVar [[r.ShadowQuality:5]]
[2023.01.27-14.50.27:813][  0]LogConfig: Setting CVar [[r.Shadow.CSM.MaxCascades:10]]
[2023.01.27-14.50.27:813][  0]LogConfig: Setting CVar [[r.Shadow.MaxResolution:2048]]
[2023.01.27-14.50.27:813][  0]LogConfig: Setting CVar [[r.Shadow.MaxCSMResolution:2048]]
[2023.01.27-14.50.27:813][  0]LogConfig: Setting CVar [[r.Shadow.RadiusThreshold:0.01]]
[2023.01.27-14.50.27:813][  0]LogConfig: Setting CVar [[r.Shadow.DistanceScale:1.0]]
[2023.01.27-14.50.27:813][  0]LogConfig: Setting CVar [[r.Shadow.CSM.TransitionScale:1.0]]
[2023.01.27-14.50.27:813][  0]LogConfig: Setting CVar [[r.Shadow.PreShadowResolutionFactor:1.0]]
[2023.01.27-14.50.27:813][  0]LogConfig: Setting CVar [[r.DistanceFieldShadowing:1]]
[2023.01.27-14.50.27:814][  0]LogConfig: Setting CVar [[r.DistanceFieldAO:1]]
[2023.01.27-14.50.27:814][  0]LogConfig: Setting CVar [[r.AOQuality:2]]
[2023.01.27-14.50.27:814][  0]LogConfig: Setting CVar [[r.VolumetricFog:1]]
[2023.01.27-14.50.27:814][  0]LogConfig: Setting CVar [[r.VolumetricFog.GridPixelSize:8]]
[2023.01.27-14.50.27:814][  0]LogConfig: Setting CVar [[r.VolumetricFog.GridSizeZ:128]]
[2023.01.27-14.50.27:814][  0]LogConfig: Setting CVar [[r.VolumetricFog.HistoryMissSupersampleCount:4]]
[2023.01.27-14.50.27:814][  0]LogConfig: Setting CVar [[r.LightMaxDrawDistanceScale:1]]
[2023.01.27-14.50.27:814][  0]LogConfig: Setting CVar [[r.CapsuleShadows:1]]
[2023.01.27-14.50.27:814][  0]LogConfig: Applying CVar settings from Section [PostProcessQuality@3] File [D:/Gid/AIR/Saved/Config/Windows/Scalability.ini]
[2023.01.27-14.50.27:814][  0]LogConfig: Setting CVar [[r.MotionBlurQuality:4]]
[2023.01.27-14.50.27:815][  0]LogConfig: Setting CVar [[r.AmbientOcclusionMipLevelFactor:0.4]]
[2023.01.27-14.50.27:815][  0]LogConfig: Setting CVar [[r.AmbientOcclusionMaxQuality:100]]
[2023.01.27-14.50.27:815][  0]LogConfig: Setting CVar [[r.AmbientOcclusionLevels:-1]]
[2023.01.27-14.50.27:815][  0]LogConfig: Setting CVar [[r.AmbientOcclusionRadiusScale:1.0]]
[2023.01.27-14.50.27:815][  0]LogConfig: Setting CVar [[r.DepthOfFieldQuality:2]]
[2023.01.27-14.50.27:815][  0]LogConfig: Setting CVar [[r.RenderTargetPoolMin:400]]
[2023.01.27-14.50.27:815][  0]LogConfig: Setting CVar [[r.LensFlareQuality:2]]
[2023.01.27-14.50.27:815][  0]LogConfig: Setting CVar [[r.SceneColorFringeQuality:1]]
[2023.01.27-14.50.27:815][  0]LogConfig: Setting CVar [[r.EyeAdaptationQuality:2]]
[2023.01.27-14.50.27:815][  0]LogConfig: Setting CVar [[r.BloomQuality:5]]
[2023.01.27-14.50.27:816][  0]LogConfig: Setting CVar [[r.FastBlurThreshold:100]]
[2023.01.27-14.50.27:816][  0]LogConfig: Setting CVar [[r.Upscale.Quality:3]]
[2023.01.27-14.50.27:816][  0]LogConfig: Setting CVar [[r.Tonemapper.GrainQuantization:1]]
[2023.01.27-14.50.27:816][  0]LogConfig: Setting CVar [[r.LightShaftQuality:1]]
[2023.01.27-14.50.27:816][  0]LogConfig: Setting CVar [[r.Filter.SizeScale:1]]
[2023.01.27-14.50.27:816][  0]LogConfig: Setting CVar [[r.Tonemapper.Quality:5]]
[2023.01.27-14.50.27:816][  0]LogConfig: Setting CVar [[r.DOF.Gather.AccumulatorQuality:1        ; higher gathering accumulator quality]]
[2023.01.27-14.50.27:816][  0]LogConfig: Setting CVar [[r.DOF.Gather.PostfilterMethod:1          ; Median3x3 postfilering method]]
[2023.01.27-14.50.27:816][  0]LogConfig: Setting CVar [[r.DOF.Gather.EnableBokehSettings:0       ; no bokeh simulation when gathering]]
[2023.01.27-14.50.27:816][  0]LogConfig: Setting CVar [[r.DOF.Gather.RingCount:4                 ; medium number of samples when gathering]]
[2023.01.27-14.50.27:816][  0]LogConfig: Setting CVar [[r.DOF.Scatter.ForegroundCompositing:1    ; additive foreground scattering]]
[2023.01.27-14.50.27:817][  0]LogConfig: Setting CVar [[r.DOF.Scatter.BackgroundCompositing:2    ; additive background scattering]]
[2023.01.27-14.50.27:817][  0]LogConfig: Setting CVar [[r.DOF.Scatter.EnableBokehSettings:1      ; bokeh simulation when scattering]]
[2023.01.27-14.50.27:817][  0]LogConfig: Setting CVar [[r.DOF.Scatter.MaxSpriteRatio:0.1         ; only a maximum of 10% of scattered bokeh]]
[2023.01.27-14.50.27:817][  0]LogConfig: Setting CVar [[r.DOF.Recombine.Quality:1                ; cheap slight out of focus]]
[2023.01.27-14.50.27:817][  0]LogConfig: Setting CVar [[r.DOF.Recombine.EnableBokehSettings:0    ; no bokeh simulation on slight out of focus]]
[2023.01.27-14.50.27:817][  0]LogConfig: Setting CVar [[r.DOF.TemporalAAQuality:1                ; more stable temporal accumulation]]
[2023.01.27-14.50.27:817][  0]LogConfig: Setting CVar [[r.DOF.Kernel.MaxForegroundRadius:0.025]]
[2023.01.27-14.50.27:817][  0]LogConfig: Setting CVar [[r.DOF.Kernel.MaxBackgroundRadius:0.025]]
[2023.01.27-14.50.27:817][  0]LogConfig: Applying CVar settings from Section [TextureQuality@3] File [D:/Gid/AIR/Saved/Config/Windows/Scalability.ini]
[2023.01.27-14.50.27:817][  0]LogConfig: Setting CVar [[r.Streaming.MipBias:0]]
[2023.01.27-14.50.27:818][  0]LogConfig: Setting CVar [[r.Streaming.AmortizeCPUToGPUCopy:0]]
[2023.01.27-14.50.27:818][  0]LogConfig: Setting CVar [[r.Streaming.MaxNumTexturesToStreamPerFrame:0]]
[2023.01.27-14.50.27:818][  0]LogConfig: Setting CVar [[r.Streaming.Boost:1]]
[2023.01.27-14.50.27:818][  0]LogConfig: Setting CVar [[r.MaxAnisotropy:8]]
[2023.01.27-14.50.27:818][  0]LogConfig: Setting CVar [[r.VT.MaxAnisotropy:8]]
[2023.01.27-14.50.27:818][  0]LogConfig: Setting CVar [[r.Streaming.LimitPoolSizeToVRAM:0]]
[2023.01.27-14.50.27:818][  0]LogConfig: Setting CVar [[r.Streaming.PoolSize:1000]]
[2023.01.27-14.50.27:818][  0]LogConfig: Setting CVar [[r.Streaming.MaxEffectiveScreenSize:0]]
[2023.01.27-14.50.27:818][  0]LogConfig: Applying CVar settings from Section [EffectsQuality@3] File [D:/Gid/AIR/Saved/Config/Windows/Scalability.ini]
[2023.01.27-14.50.27:818][  0]LogConfig: Setting CVar [[r.TranslucencyLightingVolumeDim:64]]
[2023.01.27-14.50.27:819][  0]LogConfig: Setting CVar [[r.RefractionQuality:2]]
[2023.01.27-14.50.27:819][  0]LogConfig: Setting CVar [[r.SSR.Quality:3]]
[2023.01.27-14.50.27:819][  0]LogConfig: Setting CVar [[r.SSR.HalfResSceneColor:0]]
[2023.01.27-14.50.27:819][  0]LogConfig: Setting CVar [[r.SceneColorFormat:4]]
[2023.01.27-14.50.27:819][  0]LogConfig: Setting CVar [[r.DetailMode:2]]
[2023.01.27-14.50.27:819][  0]LogConfig: Setting CVar [[r.TranslucencyVolumeBlur:1]]
[2023.01.27-14.50.27:819][  0]LogConfig: Setting CVar [[r.MaterialQualityLevel:1 ; High quality]]
[2023.01.27-14.50.27:819][  0]LogConfig: Setting CVar [[r.AnisotropicMaterials:1]]
[2023.01.27-14.50.27:819][  0]LogConfig: Setting CVar [[r.SSS.Scale:1]]
[2023.01.27-14.50.27:819][  0]LogConfig: Setting CVar [[r.SSS.SampleSet:2]]
[2023.01.27-14.50.27:820][  0]LogConfig: Setting CVar [[r.SSS.Quality:1]]
[2023.01.27-14.50.27:820][  0]LogConfig: Setting CVar [[r.SSS.HalfRes:0]]
[2023.01.27-14.50.27:820][  0]LogConfig: Setting CVar [[r.SSGI.Quality:3]]
[2023.01.27-14.50.27:820][  0]LogConfig: Setting CVar [[r.EmitterSpawnRateScale:1.0]]
[2023.01.27-14.50.27:820][  0]LogConfig: Setting CVar [[r.ParticleLightQuality:2]]
[2023.01.27-14.50.27:820][  0]LogConfig: Setting CVar [[r.SkyAtmosphere.AerialPerspectiveLUT.FastApplyOnOpaque:1 ; Always have FastSkyLUT 1 in this case to avoid wrong sky]]
[2023.01.27-14.50.27:820][  0]LogConfig: Setting CVar [[r.SkyAtmosphere.AerialPerspectiveLUT.SampleCountMaxPerSlice:4]]
[2023.01.27-14.50.27:820][  0]LogConfig: Setting CVar [[r.SkyAtmosphere.AerialPerspectiveLUT.DepthResolution:16.0]]
[2023.01.27-14.50.27:820][  0]LogConfig: Setting CVar [[r.SkyAtmosphere.FastSkyLUT:1]]
[2023.01.27-14.50.27:820][  0]LogConfig: Setting CVar [[r.SkyAtmosphere.FastSkyLUT.SampleCountMin:4.0]]
[2023.01.27-14.50.27:821][  0]LogConfig: Setting CVar [[r.SkyAtmosphere.FastSkyLUT.SampleCountMax:128.0]]
[2023.01.27-14.50.27:821][  0]LogConfig: Setting CVar [[r.SkyAtmosphere.SampleCountMin:4.0]]
[2023.01.27-14.50.27:821][  0]LogConfig: Setting CVar [[r.SkyAtmosphere.SampleCountMax:128.0]]
[2023.01.27-14.50.27:821][  0]LogConfig: Setting CVar [[r.SkyAtmosphere.TransmittanceLUT.UseSmallFormat:0]]
[2023.01.27-14.50.27:821][  0]LogConfig: Setting CVar [[r.SkyAtmosphere.TransmittanceLUT.SampleCount:10.0]]
[2023.01.27-14.50.27:821][  0]LogConfig: Setting CVar [[r.SkyAtmosphere.MultiScatteringLUT.SampleCount:15.0]]
[2023.01.27-14.50.27:821][  0]LogConfig: Setting CVar [[r.SkyLight.RealTimeReflectionCapture:1]]
[2023.01.27-14.50.27:821][  0]LogConfig: Applying CVar settings from Section [FoliageQuality@3] File [D:/Gid/AIR/Saved/Config/Windows/Scalability.ini]
[2023.01.27-14.50.27:821][  0]LogConfig: Setting CVar [[foliage.DensityScale:1.0]]
[2023.01.27-14.50.27:821][  0]LogConfig: Setting CVar [[grass.DensityScale:1.0]]
[2023.01.27-14.50.27:822][  0]LogConfig: Applying CVar settings from Section [ShadingQuality@3] File [D:/Gid/AIR/Saved/Config/Windows/Scalability.ini]
[2023.01.27-14.50.27:822][  0]LogConfig: Setting CVar [[r.HairStrands.SkyLighting.IntegrationType:2]]
[2023.01.27-14.50.27:822][  0]LogConfig: Setting CVar [[r.HairStrands.SkyAO.SampleCount:4]]
[2023.01.27-14.50.27:822][  0]LogConfig: Setting CVar [[r.HairStrands.Visibility.MSAA.SamplePerPixel:4]]
[2023.01.27-14.50.27:822][  0]LogInit: Selected Device Profile: [Windows]
[2023.01.27-14.50.27:822][  0]LogInit: Applying CVar settings loaded from the selected device profile: [Windows]
[2023.01.27-14.50.27:822][  0]LogHAL: Display: Platform has ~ 16 GB [17160142848 / 17179869184 / 16], which maps to Larger [LargestMinGB=32, LargerMinGB=12, DefaultMinGB=8, SmallerMinGB=6, SmallestMinGB=0)
[2023.01.27-14.50.27:823][  0]LogInit: Going up to parent DeviceProfile []
[2023.01.27-14.50.27:823][  0]LogConfig: Applying CVar settings from Section [ViewDistanceQuality@0] File [D:/Gid/AIR/Saved/Config/Windows/Scalability.ini]
[2023.01.27-14.50.27:823][  0]LogConfig: Setting CVar [[r.SkeletalMeshLODBias:2]]
[2023.01.27-14.50.27:823][  0]LogConfig: Setting CVar [[r.ViewDistanceScale:0.4]]
[2023.01.27-14.50.27:823][  0]LogConfig: Applying CVar settings from Section [AntiAliasingQuality@0] File [D:/Gid/AIR/Saved/Config/Windows/Scalability.ini]
[2023.01.27-14.50.27:823][  0]LogConfig: Setting CVar [[r.PostProcessAAQuality:0]]
[2023.01.27-14.50.27:823][  0]LogConfig: Applying CVar settings from Section [ShadowQuality@0] File [D:/Gid/AIR/Saved/Config/Windows/Scalability.ini]
[2023.01.27-14.50.27:824][  0]LogConfig: Setting CVar [[r.LightFunctionQuality:0]]
[2023.01.27-14.50.27:824][  0]LogConfig: Setting CVar [[r.ShadowQuality:0]]
[2023.01.27-14.50.27:824][  0]LogConfig: Setting CVar [[r.Shadow.CSM.MaxCascades:1]]
[2023.01.27-14.50.27:824][  0]LogConfig: Setting CVar [[r.Shadow.MaxResolution:512]]
[2023.01.27-14.50.27:824][  0]LogConfig: Setting CVar [[r.Shadow.MaxCSMResolution:512]]
[2023.01.27-14.50.27:824][  0]LogConfig: Setting CVar [[r.Shadow.RadiusThreshold:0.06]]
[2023.01.27-14.50.27:824][  0]LogConfig: Setting CVar [[r.Shadow.DistanceScale:0.6]]
[2023.01.27-14.50.27:824][  0]LogConfig: Setting CVar [[r.Shadow.CSM.TransitionScale:0]]
[2023.01.27-14.50.27:824][  0]LogConfig: Setting CVar [[r.Shadow.PreShadowResolutionFactor:0.5]]
[2023.01.27-14.50.27:825][  0]LogConfig: Setting CVar [[r.DistanceFieldShadowing:0]]
[2023.01.27-14.50.27:825][  0]LogConfig: Setting CVar [[r.DistanceFieldAO:0]]
[2023.01.27-14.50.27:825][  0]LogConfig: Setting CVar [[r.VolumetricFog:0]]
[2023.01.27-14.50.27:825][  0]LogConfig: Setting CVar [[r.LightMaxDrawDistanceScale:0]]
[2023.01.27-14.50.27:825][  0]LogConfig: Setting CVar [[r.CapsuleShadows:0]]
[2023.01.27-14.50.27:825][  0]LogConfig: Applying CVar settings from Section [PostProcessQuality@0] File [D:/Gid/AIR/Saved/Config/Windows/Scalability.ini]
[2023.01.27-14.50.27:825][  0]LogConfig: Setting CVar [[r.MotionBlurQuality:0]]
[2023.01.27-14.50.27:825][  0]LogConfig: Setting CVar [[r.AmbientOcclusionMipLevelFactor:1.0]]
[2023.01.27-14.50.27:825][  0]LogConfig: Setting CVar [[r.AmbientOcclusionMaxQuality:0]]
[2023.01.27-14.50.27:826][  0]LogConfig: Setting CVar [[r.AmbientOcclusionLevels:0]]
[2023.01.27-14.50.27:826][  0]LogConfig: Setting CVar [[r.AmbientOcclusionRadiusScale:1.2]]
[2023.01.27-14.50.27:826][  0]LogConfig: Setting CVar [[r.DepthOfFieldQuality:0]]
[2023.01.27-14.50.27:826][  0]LogConfig: Setting CVar [[r.RenderTargetPoolMin:300]]
[2023.01.27-14.50.27:826][  0]LogConfig: Setting CVar [[r.LensFlareQuality:0]]
[2023.01.27-14.50.27:826][  0]LogConfig: Setting CVar [[r.SceneColorFringeQuality:0]]
[2023.01.27-14.50.27:826][  0]LogConfig: Setting CVar [[r.EyeAdaptationQuality:2]]
[2023.01.27-14.50.27:826][  0]LogConfig: Setting CVar [[r.BloomQuality:4]]
[2023.01.27-14.50.27:826][  0]LogConfig: Setting CVar [[r.FastBlurThreshold:0]]
[2023.01.27-14.50.27:827][  0]LogConfig: Setting CVar [[r.Upscale.Quality:1]]
[2023.01.27-14.50.27:827][  0]LogConfig: Setting CVar [[r.Tonemapper.GrainQuantization:0]]
[2023.01.27-14.50.27:827][  0]LogConfig: Setting CVar [[r.LightShaftQuality:0]]
[2023.01.27-14.50.27:827][  0]LogConfig: Setting CVar [[r.Filter.SizeScale:0.6]]
[2023.01.27-14.50.27:827][  0]LogConfig: Setting CVar [[r.Tonemapper.Quality:0]]
[2023.01.27-14.50.27:827][  0]LogConfig: Applying CVar settings from Section [TextureQuality@0] File [D:/Gid/AIR/Saved/Config/Windows/Scalability.ini]
[2023.01.27-14.50.27:827][  0]LogConfig: Setting CVar [[r.Streaming.MipBias:16]]
[2023.01.27-14.50.27:827][  0]LogConfig: Setting CVar [[r.Streaming.AmortizeCPUToGPUCopy:1]]
[2023.01.27-14.50.27:827][  0]LogConfig: Setting CVar [[r.Streaming.MaxNumTexturesToStreamPerFrame:1]]
[2023.01.27-14.50.27:827][  0]LogConfig: Setting CVar [[r.Streaming.Boost:0.3]]
[2023.01.27-14.50.27:828][  0]LogConfig: Setting CVar [[r.MaxAnisotropy:0]]
[2023.01.27-14.50.27:828][  0]LogConfig: Setting CVar [[r.VT.MaxAnisotropy:4]]
[2023.01.27-14.50.27:828][  0]LogConfig: Setting CVar [[r.Streaming.LimitPoolSizeToVRAM:1]]
[2023.01.27-14.50.27:828][  0]LogConfig: Setting CVar [[r.Streaming.PoolSize:400]]
[2023.01.27-14.50.27:828][  0]LogConfig: Setting CVar [[r.Streaming.MaxEffectiveScreenSize:0]]
[2023.01.27-14.50.27:828][  0]LogConfig: Applying CVar settings from Section [EffectsQuality@0] File [D:/Gid/AIR/Saved/Config/Windows/Scalability.ini]
[2023.01.27-14.50.27:828][  0]LogConfig: Setting CVar [[r.TranslucencyLightingVolumeDim:24]]
[2023.01.27-14.50.27:828][  0]LogConfig: Setting CVar [[r.RefractionQuality:0]]
[2023.01.27-14.50.27:828][  0]LogConfig: Setting CVar [[r.SSR.Quality:0]]
[2023.01.27-14.50.27:828][  0]LogConfig: Setting CVar [[r.SSR.HalfResSceneColor:1]]
[2023.01.27-14.50.27:828][  0]LogConfig: Setting CVar [[r.SceneColorFormat:3]]
[2023.01.27-14.50.27:829][  0]LogConfig: Setting CVar [[r.DetailMode:0]]
[2023.01.27-14.50.27:829][  0]LogConfig: Setting CVar [[r.TranslucencyVolumeBlur:0]]
[2023.01.27-14.50.27:829][  0]LogConfig: Setting CVar [[r.MaterialQualityLevel:0 ; Low quality]]
[2023.01.27-14.50.27:829][  0]LogConfig: Setting CVar [[r.AnisotropicMaterials:0]]
[2023.01.27-14.50.27:829][  0]LogConfig: Setting CVar [[r.SSS.Scale:0]]
[2023.01.27-14.50.27:830][  0]LogConfig: Setting CVar [[r.SSS.SampleSet:0]]
[2023.01.27-14.50.27:830][  0]LogConfig: Setting CVar [[r.SSS.Quality:0]]
[2023.01.27-14.50.27:830][  0]LogConfig: Setting CVar [[r.SSS.HalfRes:1]]
[2023.01.27-14.50.27:830][  0]LogConfig: Setting CVar [[r.SSGI.Quality:0]]
[2023.01.27-14.50.27:830][  0]LogConfig: Setting CVar [[r.EmitterSpawnRateScale:0.125]]
[2023.01.27-14.50.27:830][  0]LogConfig: Setting CVar [[r.ParticleLightQuality:0]]
[2023.01.27-14.50.27:830][  0]LogConfig: Setting CVar [[r.SkyAtmosphere.AerialPerspectiveLUT.FastApplyOnOpaque:1 ; Always have FastSkyLUT 1 in this case to avoid wrong sky]]
[2023.01.27-14.50.27:830][  0]LogConfig: Setting CVar [[r.SkyAtmosphere.AerialPerspectiveLUT.SampleCountMaxPerSlice:1]]
[2023.01.27-14.50.27:830][  0]LogConfig: Setting CVar [[r.SkyAtmosphere.AerialPerspectiveLUT.DepthResolution:8.0]]
[2023.01.27-14.50.27:830][  0]LogConfig: Setting CVar [[r.SkyAtmosphere.FastSkyLUT:1]]
[2023.01.27-14.50.27:831][  0]LogConfig: Setting CVar [[r.SkyAtmosphere.FastSkyLUT.SampleCountMin:2.0]]
[2023.01.27-14.50.27:831][  0]LogConfig: Setting CVar [[r.SkyAtmosphere.FastSkyLUT.SampleCountMax:16.0]]
[2023.01.27-14.50.27:831][  0]LogConfig: Setting CVar [[r.SkyAtmosphere.SampleCountMin:2.0]]
[2023.01.27-14.50.27:831][  0]LogConfig: Setting CVar [[r.SkyAtmosphere.SampleCountMax:16.0]]
[2023.01.27-14.50.27:833][  0]LogConfig: Setting CVar [[r.SkyAtmosphere.TransmittanceLUT.UseSmallFormat:1]]
[2023.01.27-14.50.27:833][  0]LogConfig: Setting CVar [[r.SkyAtmosphere.TransmittanceLUT.SampleCount:10.0]]
[2023.01.27-14.50.27:833][  0]LogConfig: Setting CVar [[r.SkyAtmosphere.MultiScatteringLUT.SampleCount:15.0]]
[2023.01.27-14.50.27:834][  0]LogConfig: Setting CVar [[r.SkyLight.RealTimeReflectionCapture:0]]
[2023.01.27-14.50.27:834][  0]LogConfig: Applying CVar settings from Section [FoliageQuality@0] File [D:/Gid/AIR/Saved/Config/Windows/Scalability.ini]
[2023.01.27-14.50.27:834][  0]LogConfig: Setting CVar [[foliage.DensityScale:0]]
[2023.01.27-14.50.27:834][  0]LogConfig: Setting CVar [[grass.DensityScale:0]]
[2023.01.27-14.50.27:834][  0]LogConfig: Applying CVar settings from Section [ShadingQuality@0] File [D:/Gid/AIR/Saved/Config/Windows/Scalability.ini]
[2023.01.27-14.50.27:834][  0]LogConfig: Setting CVar [[r.HairStrands.SkyLighting.IntegrationType:2]]
[2023.01.27-14.50.27:834][  0]LogConfig: Setting CVar [[r.HairStrands.SkyAO.SampleCount:4]]
[2023.01.27-14.50.27:834][  0]LogConfig: Setting CVar [[r.HairStrands.Visibility.MSAA.SamplePerPixel:1]]
[2023.01.27-14.50.27:834][  0]LogConfig: Applying CVar settings from Section [Startup] File [../../../Engine/Config/ConsoleVariables.ini]
[2023.01.27-14.50.27:837][  0]LogConfig: Setting CVar [[net.UseAdaptiveNetUpdateFrequency:0]]
[2023.01.27-14.50.27:837][  0]LogConfig: Setting CVar [[p.chaos.AllowCreatePhysxBodies:1]]
[2023.01.27-14.50.27:837][  0]LogConfig: Setting CVar [[fx.SkipVectorVMBackendOptimizations:1]]
[2023.01.27-14.50.27:837][  0]LogConfig: Applying CVar settings from Section [ConsoleVariables] File [D:/Gid/AIR/Saved/Config/Windows/Engine.ini]
[2023.01.27-14.50.27:838][  0]LogConfig: Applying CVar settings from Section [ConsoleVariables] File [D:/Gid/AIR/Saved/Config/Windows/Editor.ini]
[2023.01.27-14.50.27:838][  0]LogInit: Computer: HASTUR-PC
[2023.01.27-14.50.27:839][  0]LogInit: User: Иван
[2023.01.27-14.50.27:839][  0]LogInit: CPU Page size=4096, Cores=2
[2023.01.27-14.50.27:839][  0]LogInit: High frequency timer resolution =10.000000 MHz
[2023.01.27-14.50.27:839][  0]LogMemory: Memory total: Physical=16.0GB (16GB approx)
[2023.01.27-14.50.27:839][  0]LogMemory: Platform Memory Stats for Windows
[2023.01.27-14.50.27:839][  0]LogMemory: Process Physical Memory: 139.85 MB used, 139.85 MB peak
[2023.01.27-14.50.27:839][  0]LogMemory: Process Virtual Memory: 110.66 MB used, 110.66 MB peak
[2023.01.27-14.50.27:839][  0]LogMemory: Physical Memory: 9030.00 MB used,  7335.18 MB free, 16365.19 MB total
[2023.01.27-14.50.27:840][  0]LogMemory: Virtual Memory: 134195472.00 MB used,  22258.28 MB free, 134217728.00 MB total
[2023.01.27-14.50.27:869][  0]LogWindows: WindowsPlatformFeatures enabled
[2023.01.27-14.50.27:964][  0]LogInit: Physics initialised using underlying interface: PhysX
[2023.01.27-14.50.27:967][  0]LogInit: Using OS detected language (ru-RU).
[2023.01.27-14.50.27:968][  0]LogInit: Using OS detected locale (ru-RU).
[2023.01.27-14.50.27:979][  0]LogTextLocalizationManager: No specific localization for 'ru-RU' exists, so the 'ru' localization will be used.
[2023.01.27-14.50.27:981][  0]LogTextLocalizationResource: LocRes '../../../Engine/Content/Localization/Editor/ru/Editor.locres' could not be opened for reading!
[2023.01.27-14.50.27:981][  0]LogTextLocalizationResource: LocRes '../../../Engine/Content/Localization/EditorTutorials/ru/EditorTutorials.locres' could not be opened for reading!
[2023.01.27-14.50.27:981][  0]LogTextLocalizationResource: LocRes '../../../Engine/Content/Localization/Keywords/ru/Keywords.locres' could not be opened for reading!
[2023.01.27-14.50.27:982][  0]LogTextLocalizationResource: LocRes '../../../Engine/Content/Localization/Category/ru/Category.locres' could not be opened for reading!
[2023.01.27-14.50.27:982][  0]LogTextLocalizationResource: LocRes '../../../Engine/Content/Localization/ToolTips/ru/ToolTips.locres' could not be opened for reading!
[2023.01.27-14.50.27:983][  0]LogTextLocalizationResource: LocRes '../../../Engine/Content/Localization/PropertyNames/ru/PropertyNames.locres' could not be opened for reading!
[2023.01.27-14.50.27:983][  0]LogTextLocalizationResource: LocRes '../../../Engine/Content/Localization/Engine/ru/Engine.locres' could not be opened for reading!
[2023.01.27-14.50.28:176][  0]LogInit: Setting process to per monitor DPI aware
[2023.01.27-14.50.28:303][  0]LogWindowsTextInputMethodSystem: Display: IME system deactivated.
[2023.01.27-14.50.28:968][  0]LogSlate: New Slate User Created.  User Index 0, Is Virtual User: 0
[2023.01.27-14.50.28:968][  0]LogSlate: Slate User Registered.  User Index 0, Is Virtual User: 0
[2023.01.27-14.51.09:894][  0]LogD3D11RHI: Loaded GFSDK_Aftermath_Lib.x64.dll
[2023.01.27-14.51.09:896][  0]LogHMD: Failed to initialize OpenVR with code 110
[2023.01.27-14.51.09:896][  0]LogD3D11RHI: D3D11 min allowed feature level: 11_0
[2023.01.27-14.51.09:896][  0]LogD3D11RHI: D3D11 max allowed feature level: 11_0
[2023.01.27-14.51.09:896][  0]LogD3D11RHI: D3D11 adapters:
[2023.01.27-14.51.09:910][  0]LogD3D11RHI:    0. 'AMD Radeon HD 6570' (Feature Level 11_0)
[2023.01.27-14.51.09:910][  0]LogD3D11RHI:       1008/0/3840 MB DedicatedVideo/DedicatedSystem/SharedSystem, Outputs:1, VendorId:0x1002
[2023.01.27-14.51.09:912][  0]LogD3D11RHI:    1. 'Microsoft Basic Render Driver' (Feature Level 11_0)
[2023.01.27-14.51.09:912][  0]LogD3D11RHI:       0/0/8182 MB DedicatedVideo/DedicatedSystem/SharedSystem, Outputs:0, VendorId:0x1414
[2023.01.27-14.51.09:912][  0]LogD3D11RHI: Chosen D3D11 Adapter:
[2023.01.27-14.51.09:912][  0]LogD3D11RHI:     Description : AMD Radeon HD 6570
[2023.01.27-14.51.09:912][  0]LogD3D11RHI:     VendorId    : 1002
[2023.01.27-14.51.09:912][  0]LogD3D11RHI:     DeviceId    : 6759
[2023.01.27-14.51.09:912][  0]LogD3D11RHI:     SubSysId    : 22061458
[2023.01.27-14.51.09:912][  0]LogD3D11RHI:     Revision    : 0000
[2023.01.27-14.51.09:912][  0]LogD3D11RHI:     DedicatedVideoMemory : 1057685504 bytes
[2023.01.27-14.51.09:912][  0]LogD3D11RHI:     DedicatedSystemMemory : 0 bytes
[2023.01.27-14.51.09:912][  0]LogD3D11RHI:     SharedSystemMemory : 4026531840 bytes
[2023.01.27-14.51.09:912][  0]LogD3D11RHI:     AdapterLuid : 0 31322
[2023.01.27-14.51.09:918][  0]LogD3D11RHI: Creating new Direct3DDevice
[2023.01.27-14.51.09:918][  0]LogD3D11RHI:     GPU DeviceId: 0x6759 (for the marketing name, search the web for "GPU Device Id")
[2023.01.27-14.51.09:918][  0]LogWindows: EnumDisplayDevices:
[2023.01.27-14.51.09:918][  0]LogWindows:    0. 'AMD Radeon HD 6570' (P:1 D:1)
[2023.01.27-14.51.09:919][  0]LogWindows:    1. 'AMD Radeon HD 6570' (P:0 D:0)
[2023.01.27-14.51.09:919][  0]LogWindows: DebugString: FoundDriverCount:2 
[2023.01.27-14.51.09:919][  0]LogD3D11RHI:     Adapter Name: AMD Radeon HD 6570
[2023.01.27-14.51.09:919][  0]LogD3D11RHI:   Driver Version: 15.201.1151.1008 (internal:15.201.1151.1008, unified:15.201.1151.1008)
[2023.01.27-14.51.09:919][  0]LogD3D11RHI:      Driver Date: 11-4-2015
[2023.01.27-14.51.09:919][  0]LogRHI: Texture pool is 706 MB (70% of 1008 MB)
[2023.01.27-14.51.09:940][  0]LogD3D11RHI: AMD Pre GCN architecture detected, some driver workarounds will be in place
[2023.01.27-14.51.09:940][  0]LogD3D11RHI: Creating D3DDevice with AMD AGS, using adapter:
[2023.01.27-14.51.09:940][  0]LogD3D11RHI:     Description : AMD Radeon HD 6570
[2023.01.27-14.51.09:940][  0]LogD3D11RHI:     VendorId    : 1002
[2023.01.27-14.51.09:940][  0]LogD3D11RHI:     DeviceId    : 6759
[2023.01.27-14.51.09:940][  0]LogD3D11RHI:     SubSysId    : 22061458
[2023.01.27-14.51.09:940][  0]LogD3D11RHI:     Revision    : 0000
[2023.01.27-14.51.09:940][  0]LogD3D11RHI:     DedicatedVideoMemory : 1057685504 bytes
[2023.01.27-14.51.09:940][  0]LogD3D11RHI:     DedicatedSystemMemory : 0 bytes
[2023.01.27-14.51.09:940][  0]LogD3D11RHI:     SharedSystemMemory : 4026531840 bytes
[2023.01.27-14.51.09:940][  0]LogD3D11RHI:     AdapterLuid : 0 31322
[2023.01.27-14.51.09:948][  0]LogD3D11RHI: Created device via AGS, feature level 11_0, supported extensions 1.
[2023.01.27-14.51.09:948][  0]LogD3D11RHI: RHI does not have support for 64 bit atomics
[2023.01.27-14.51.09:948][  0]LogD3D11RHI: Async texture creation enabled
[2023.01.27-14.51.09:967][  0]LogD3D11RHI: GPU Timing Frequency: 27.000000 (Debug: 2 1)
[2023.01.27-14.51.12:792][  0]LogTargetPlatformManager: Display: Loaded TargetPlatform 'AllDesktop'
[2023.01.27-14.51.12:833][  0]LogTargetPlatformManager: Display: Loaded TargetPlatform 'Android'
[2023.01.27-14.51.12:834][  0]LogTargetPlatformManager: Display: Loaded TargetPlatform 'Android_ASTC'
[2023.01.27-14.51.12:834][  0]LogTargetPlatformManager: Display: Loaded TargetPlatform 'Android_DXT'
[2023.01.27-14.51.12:834][  0]LogTargetPlatformManager: Display: Loaded TargetPlatform 'Android_ETC2'
[2023.01.27-14.51.12:834][  0]LogTargetPlatformManager: Display: Loaded TargetPlatform 'AndroidClient'
[2023.01.27-14.51.12:834][  0]LogTargetPlatformManager: Display: Loaded TargetPlatform 'Android_ASTCClient'
[2023.01.27-14.51.12:834][  0]LogTargetPlatformManager: Display: Loaded TargetPlatform 'Android_DXTClient'
[2023.01.27-14.51.12:834][  0]LogTargetPlatformManager: Display: Loaded TargetPlatform 'Android_ETC2Client'
[2023.01.27-14.51.12:834][  0]LogTargetPlatformManager: Display: Loaded TargetPlatform 'Android_Multi'
[2023.01.27-14.51.12:834][  0]LogTargetPlatformManager: Display: Loaded TargetPlatform 'Android_MultiClient'
[2023.01.27-14.51.13:096][  0]LogTargetPlatformManager: Display: Loaded TargetPlatform 'IOSClient'
[2023.01.27-14.51.13:096][  0]LogTargetPlatformManager: Display: Loaded TargetPlatform 'IOS'
[2023.01.27-14.51.13:338][  0]LogTargetPlatformManager: Display: Loaded TargetPlatform 'Linux'
[2023.01.27-14.51.13:348][  0]LogTargetPlatformManager: Display: Loaded TargetPlatform 'LinuxNoEditor'
[2023.01.27-14.51.13:358][  0]LogTargetPlatformManager: Display: Loaded TargetPlatform 'LinuxClient'
[2023.01.27-14.51.13:369][  0]LogTargetPlatformManager: Display: Loaded TargetPlatform 'LinuxServer'
[2023.01.27-14.51.13:414][  0]LogTargetPlatformManager: Display: Loaded TargetPlatform 'LinuxAArch64NoEditor'
[2023.01.27-14.51.13:421][  0]LogTargetPlatformManager: Display: Loaded TargetPlatform 'LinuxAArch64Client'
[2023.01.27-14.51.13:428][  0]LogTargetPlatformManager: Display: Loaded TargetPlatform 'LinuxAArch64Server'
[2023.01.27-14.51.13:465][  0]LogTargetPlatformManager: Display: Loaded TargetPlatform 'Lumin'
[2023.01.27-14.51.13:465][  0]LogTargetPlatformManager: Display: Loaded TargetPlatform 'LuminClient'
[2023.01.27-14.51.15:159][  0]LogTargetPlatformManager: Display: Loaded TargetPlatform 'MacNoEditor'
[2023.01.27-14.51.15:172][  0]LogTargetPlatformManager: Display: Loaded TargetPlatform 'Mac'
[2023.01.27-14.51.15:179][  0]LogTargetPlatformManager: Display: Loaded TargetPlatform 'MacClient'
[2023.01.27-14.51.15:186][  0]LogTargetPlatformManager: Display: Loaded TargetPlatform 'MacServer'
[2023.01.27-14.51.15:517][  0]LogTargetPlatformManager: Display: Loaded TargetPlatform 'TVOSClient'
[2023.01.27-14.51.15:517][  0]LogTargetPlatformManager: Display: Loaded TargetPlatform 'TVOS'
[2023.01.27-14.51.15:535][  0]LogTargetPlatformManager: Display: Loaded TargetPlatform 'WindowsNoEditor'
[2023.01.27-14.51.15:540][  0]LogTargetPlatformManager: Display: Loaded TargetPlatform 'Windows'
[2023.01.27-14.51.15:546][  0]LogTargetPlatformManager: Display: Loaded TargetPlatform 'WindowsClient'
[2023.01.27-14.51.15:551][  0]LogTargetPlatformManager: Display: Loaded TargetPlatform 'WindowsServer'
[2023.01.27-14.51.15:551][  0]LogTargetPlatformManager: Display: Building Assets For Windows
[2023.01.27-14.51.15:559][  0]LogAudioDebug: Display: Lib vorbis DLL was dynamically loaded.
[2023.01.27-14.51.16:285][  0]LogTextureFormatOodle: Display: Oodle Texture 2.9.0 init RDO Off
[2023.01.27-14.51.17:231][  0]LogRendererCore: Ray tracing is disabled. Reason: r.RayTracing=0.
[2023.01.27-14.51.17:231][  0]LogShaderCompilers: Guid format shader working directory is 23 characters bigger than the processId version (../../../../../Gid/AIR/Intermediate/Shaders/WorkingDirectory/5736/).
[2023.01.27-14.51.17:231][  0]LogShaderCompilers: Cleaned the shader compiler working directory 'C:/Users/Иван/AppData/Local/Temp/UnrealShaderWorkingDir/5B44014F40B5BEE909A5FA94195829C3/'.
[2023.01.27-14.51.17:231][  0]LogXGEController: Cannot use XGE Controller as Incredibuild is not installed on this machine.
[2023.01.27-14.51.17:232][  0]LogShaderCompilers: Cannot use XGE Shader Compiler as Incredibuild is not installed on this machine.
[2023.01.27-14.51.17:232][  0]LogShaderCompilers: Display: Using Local Shader Compiler.
[2023.01.27-14.52.03:908][  0]LogDerivedDataCache: Display: Max Cache Size: 512 MB
[2023.01.27-14.52.08:741][  0]LogDerivedDataCache: Loaded boot cache 4.83s 100MB C:/Users/Иван/AppData/Local/UnrealEngine/4.27/DerivedDataCache/Boot.ddc.
[2023.01.27-14.52.08:741][  0]LogDerivedDataCache: Display: Loaded Boot cache: C:/Users/Иван/AppData/Local/UnrealEngine/4.27/DerivedDataCache/Boot.ddc
[2023.01.27-14.52.08:741][  0]LogDerivedDataCache: FDerivedDataBackendGraph:  Pak pak cache file ../../../../../Gid/AIR/DerivedDataCache/DDC.ddp not found, will not use a pak cache.
[2023.01.27-14.52.08:741][  0]LogDerivedDataCache: Unable to find inner node Pak for hierarchical cache Hierarchy.
[2023.01.27-14.52.08:741][  0]LogDerivedDataCache: FDerivedDataBackendGraph:  CompressedPak pak cache file ../../../../../Gid/AIR/DerivedDataCache/Compressed.ddp not found, will not use a pak cache.
[2023.01.27-14.52.08:742][  0]LogDerivedDataCache: Unable to find inner node CompressedPak for hierarchical cache Hierarchy.
[2023.01.27-14.52.08:802][  0]LogDerivedDataCache: Display: Pak cache opened for reading ../../../Engine/DerivedDataCache/Compressed.ddp.
[2023.01.27-14.52.08:802][  0]LogDerivedDataCache: FDerivedDataBackendGraph:  EnterprisePak pak cache file ../../../Enterprise/DerivedDataCache/Compressed.ddp not found, will not use a pak cache.
[2023.01.27-14.52.08:802][  0]LogDerivedDataCache: Unable to find inner node EnterprisePak for hierarchical cache Hierarchy.
[2023.01.27-14.52.11:253][  0]LogDerivedDataCache: Speed tests for C:/Users/Иван/AppData/Local/UnrealEngine/Common/DerivedDataCache took 2.45 seconds
[2023.01.27-14.52.11:253][  0]LogDerivedDataCache: Display: Performance to C:/Users/Иван/AppData/Local/UnrealEngine/Common/DerivedDataCache: Latency=0.27ms. RandomReadSpeed=0.59MBs, RandomWriteSpeed=1.08MBs. Assigned SpeedClass 'Local'
[2023.01.27-14.52.11:300][  0]LogDerivedDataCache: Using Local data cache path C:/Users/Иван/AppData/Local/UnrealEngine/Common/DerivedDataCache: Writable
[2023.01.27-14.52.11:301][  0]LogDerivedDataCache: Shared data cache path not found in *engine.ini, will not use an Shared cache.
[2023.01.27-14.52.11:301][  0]LogDerivedDataCache: Unable to find inner node Shared for hierarchical cache Hierarchy.
[2023.01.27-14.52.12:193][  0]LogSlate: Using FreeType 2.10.0
[2023.01.27-14.52.12:309][  0]LogSlate: SlateFontServices - WITH_FREETYPE: 1, WITH_HARFBUZZ: 1
[2023.01.27-14.52.23:351][  0]LogAssetRegistry: FAssetRegistry took 0.1370 seconds to start up
[2023.01.27-14.52.27:051][  0]LogInit: Selected Device Profile: [Windows]
[2023.01.27-14.52.27:052][  0]LogInit: Active device profile: [0000013B34B71400][0000013B2DC14240 49] Windows
[2023.01.27-14.52.27:052][  0]LogInit: Profiles: [0000013B34B71400][0000013B2DC14240 49] Windows, [0000013B34B3B400][0000013B27D883C0 49] WindowsNoEditor, [0000013B34B72200][0000013B27D8C540 49] WindowsServer, [0000013B34B3A300][0000013B27D906C0 49] WindowsClient, [0000013B34B72F00][0000013B27D84800 49] IOS, [0000013B34B39600][0000013B27D94940 49] iPadAir, [0000013B34B73C00][0000013B27D98A80 49] iPadAir2, [0000013B34AE2600][0000013B27DA4D00 49] IPadPro, [0000013B34AE2700][0000013B27D9CD40 49] iPadAir3, [0000013B34B38300][0000013B27DA8EC0 49] iPadAir4, [0000013B34AE3500][0000013B27DAD040 49] iPadMini2, [0000013B34B3B800][0000013B27DB11C0 49] iPadMini3, [0000013B34AE2400][0000013B27DB5340 49] iPadMini4, [0000013B34B3A700][0000013B27DB94C0 49] iPadMini5, [0000013B34B2DF00][0000013B27DC1780 49] iPhone6, [0000013B34B2E000][0000013B27DBD7C0 49] iPodTouch6, [0000013B34B72D00][0000013B3402BA80 49] iPhone7, [0000013B34B71500][0000013B27DC5AC0 49] iPodTouch7, [0000013B34AE3200][0000013B3402E0C0 49] iPhone5S, [0000013B34B72000][0000013B34032240 49] iPhone6Plus, [0000013B34AE1200][0000013B340363C0 49] iPhone6S, [0000013B34B72B00][0000013B3403A540 49] iPhone6SPlus, [0000013B34AE0A00][0000013B3403E6C0 49] iPhone7Plus, [0000013B34B71100][0000013B34042840 49] iPhoneSE, [0000013B34AE0800][0000013B27DA0980 49] iPhone8, [0000013B34B72C00][0000013B34046AC0 49] iPhone8Plus, [0000013B34AE3100][0000013B3404AC00 49] iPhoneX, [0000013B34B70F00][0000013B3404ED40 49] iPhoneXS, [0000013B34AE2F00][0000013B34056EC0 49] iPhoneXSMax, [0000013B34B72900][0000013B3405B040 49] iPhoneXR, [0000013B34B2C400][0000013B3405F1C0 49] iPhone11, [0000013B34AE1300][0000013B34063340 49] iPhone11Pro, [0000013B34B2CC00][0000013B340674C0 49] iPhone11ProMax, [0000013B34AE1B00][0000013B3406B640 49] iPhoneSE2, [0000013B34B2D400][0000013B3406F7C0 49] iPhone12Mini, [0000013B34AE2300][0000013B34073940 49] iPhone12, [0000013B34B2DA00][0000013B34077AC0 49] iPhone12Pro, [0000013B34AE2100][0000013B3407A0C0 49] iPhone12ProMax, [0000013B34B2DD00][0000013B3407E240 49] iPadPro105, [0000013B34AE1C00][0000013B340823C0 49] iPadPro129, [0000013B34B2FF00][0000013B34086540 49] iPadPro97, [0000013B34AE0400][0000013B3408A6C0 49] iPadPro2_129, [0000013B34B71D00][0000013B3408E840 49] iPad5, [0000013B34B2DE00][0000013B340929C0 49] iPad6, [0000013B34AE1F00][0000013B34096B40 49] iPad7, [0000013B34B2C800][0000013B34052C80 49] iPad8, [0000013B34AE3C00][0000013B3409ADC0 49] iPadPro11, [0000013B34B2C900][0000013B3409EF00 49] iPadPro2_11, [0000013B34AE1400][0000013B340A7080 49] iPadPro3_129, [0000013B34B2F500][0000013B340AB200 49] iPadPro4_129, [0000013B34AE0D00][0000013B340AF380 49] AppleTV, [0000013B34B2D000][0000013B340B3500 49] AppleTV4K, [0000013B34AE0100][0000013B340B7680 49] TVOS, [0000013B34B2CD00][0000013B340BB800 49] Mac, [0000013B34AE3700][0000013B340BF980 49] MacClient, [0000013B34B2E400][0000013B340C3B00 49] MacNoEditor, [0000013B34AE1800][0000013B340C6100 49] MacServer, [0000013B34B2ED00][0000013B340CA280 49] Linux, [0000013B34AE2500][0000013B340CE400 49] LinuxAArch64, [0000013B34B2CB00][0000013B340D2580 49] LinuxNoEditor, [0000013B34AE3400][0000013B340D6700 49] LinuxAArch64NoEditor, [0000013B34B2D800][0000013B340DA880 49] LinuxClient, [0000013B34AE0300][0000013B285CAA00 49] LinuxAArch64Client, [0000013B34B2D200][0000013B285CEB80 49] LinuxServer, [0000013B34AE3000][0000013B285D2D00 49] LinuxAArch64Server, [0000013B34B2E600][0000013B340A2E40 49] Android, [0000013B34AE1D00][0000013B285D6F80 49] Android_Low, [0000013B34B2E900][0000013B285DB0C0 49] Android_Mid, [0000013B34AE1100][0000013B285E3240 49] Android_High, [0000013B34B2C300][0000013B285E73C0 49] Android_Default, [0000013B34AE0500][0000013B285EB540 49] Android_Adreno4xx, [0000013B34B2D900][0000013B285EF6C0 49] Android_Adreno5xx_Low, [0000013B34AE2900][0000013B285F3840 49] Android_Adreno5xx, [0000013B34B2CA00][0000013B21FE99C0 49] Android_Adreno6xx, [0000013B34AE3A00][0000013B21FEDB40 49] Android_Adreno6xx_Vulkan, [0000013B34B2FB00][0000013B21FF0140 49] Android_Mali_T6xx, [0000013B34AE1600][0000013B21FF42C0 49] Android_Mali_T7xx, [0000013B34B2DC00][0000013B21FF8440 49] Android_Mali_T8xx, [0000013B34AE1A00][0000013B21FFC5C0 49] Android_Mali_G71, [0000013B34B2D100][0000013B22000740 49] Android_Mali_G72, [0000013B34AE0900][0000013B220048C0 49] Android_Mali_G72_Vulkan, [0000013B34B2CF00][0000013B22008A40 49] Android_Mali_G76, [0000013B34AE2C00][0000013B2200CBC0 49] Android_Mali_G76_Vulkan, [0000013B34B2D300][0000013B22010D40 49] Android_Mali_G77, [0000013B34AE1000][0000013B22014EC0 49] Android_Mali_G77_Vulkan, [0000013B34B2EA00][0000013B285DF000 49] Android_Mali_G78, [0000013B34AE0C00][0000013B350F1140 49] Android_Mali_G78_Vulkan, [0000013B34B2E800][0000013B350F5280 49] Android_Mali_G710, [0000013B34AE0700][0000013B350F93C0 49] Android_Mali_G710_Vulkan, [0000013B34B3A800][0000013B35101540 49] Android_Vulkan_SM5, [0000013B34B70E00][0000013B351056C0 49] Android_PowerVR_G6xxx, [0000013B34B38B00][0000013B35109840 49] Android_PowerVR_GT7xxx, [0000013B34B70400][0000013B3510D9C0 49] Android_PowerVR_GE8xxx, [0000013B34B3BE00][0000013B35111B40 49] Android_PowerVR_GM9xxx, [0000013B34B73F00][0000013B35114140 49] Android_PowerVR_GM9xxx_Vulkan, [0000013B34B38D00][0000013B351182C0 49] Android_TegraK1, [0000013B34B72A00][0000013B3511C440 49] Android_Unknown_Vulkan, [0000013B34B39700][0000013B351205C0 49] Lumin, [0000013B34B73400][0000013B35124740 49] Lumin_Desktop, [0000013B34B38400][0000013B351288C0 49] HoloLens, 
[2023.01.27-14.52.27:760][  0]LogMaterial: Display: Missing cached shadermap for WorldGridMaterial in PCD3D_SM5, Default, SM5 (DDC key hash: 9B32854C71109C256E3E086C1BABCF332C0882A6), compiling. Is special engine material.
[2023.01.27-14.52.37:975][  0]LogShaderCompilers: Display: Submitted 1182 shader compile jobs with 'High' priority
[2023.01.27-14.52.38:575][  0]LogShaderCompilers: Display: Worker (1/3): shaders left to compile 1182
[2023.01.27-14.52.38:575][  0]LogShaderCompilers: Display: Worker (2/3): shaders left to compile 1172
[2023.01.27-14.52.38:575][  0]LogShaderCompilers: Display: Worker (3/3): shaders left to compile 1162
[2023.01.27-14.52.38:575][  0]LogShaderCompilers: Display: Started 30 'Local' shader compile jobs with 'High' priority
[2023.01.27-14.55.29:586][  0]LogShaderCompilers: Display: Worker (3/3): shaders left to compile 1152
[2023.01.27-14.55.29:586][  0]LogShaderCompilers: Display: Started 10 'Local' shader compile jobs with 'High' priority
[2023.01.27-14.55.34:175][  0]LogShaderCompilers: Display: Worker (1/3): shaders left to compile 1142
[2023.01.27-14.55.34:175][  0]LogShaderCompilers: Display: Started 10 'Local' shader compile jobs with 'High' priority
[2023.01.27-14.55.45:579][  0]LogShaderCompilers: Display: Worker (2/3): shaders left to compile 1132
[2023.01.27-14.55.45:579][  0]LogShaderCompilers: Display: Started 10 'Local' shader compile jobs with 'High' priority
[2023.01.27-14.56.56:663][  0]LogShaderCompilers: Display: Worker (1/3): shaders left to compile 1122
[2023.01.27-14.56.56:663][  0]LogShaderCompilers: Display: Started 10 'Local' shader compile jobs with 'High' priority
[2023.01.27-14.57.05:109][  0]LogShaderCompilers: Display: Worker (3/3): shaders left to compile 1112
[2023.01.27-14.57.05:109][  0]LogShaderCompilers: Display: Started 10 'Local' shader compile jobs with 'High' priority
[2023.01.27-14.57.18:079][  0]LogShaderCompilers: Display: Worker (2/3): shaders left to compile 1102
[2023.01.27-14.57.18:079][  0]LogShaderCompilers: Display: Started 10 'Local' shader compile jobs with 'High' priority
[2023.01.27-14.59.10:116][  0]LogShaderCompilers: Display: Worker (1/3): shaders left to compile 1092
[2023.01.27-14.59.10:116][  0]LogShaderCompilers: Display: Started 10 'Local' shader compile jobs with 'High' priority
[2023.01.27-14.59.23:663][  0]LogShaderCompilers: Display: Worker (3/3): shaders left to compile 1082
[2023.01.27-14.59.23:663][  0]LogShaderCompilers: Display: Started 10 'Local' shader compile jobs with 'High' priority
[2023.01.27-14.59.33:487][  0]LogShaderCompilers: Display: Worker (2/3): shaders left to compile 1072
[2023.01.27-14.59.33:487][  0]LogShaderCompilers: Display: Started 10 'Local' shader compile jobs with 'High' priority
[2023.01.27-14.59.56:971][  0]LogShaderCompilers: Display: Worker (1/3): shaders left to compile 1062
[2023.01.27-14.59.56:971][  0]LogShaderCompilers: Display: Started 10 'Local' shader compile jobs with 'High' priority
[2023.01.27-15.00.19:740][  0]LogShaderCompilers: Display: Worker (2/3): shaders left to compile 1052
[2023.01.27-15.00.19:740][  0]LogShaderCompilers: Display: Started 10 'Local' shader compile jobs with 'High' priority
[2023.01.27-15.00.26:111][  0]LogShaderCompilers: Display: Worker (3/3): shaders left to compile 1042
[2023.01.27-15.00.26:111][  0]LogShaderCompilers: Display: Started 10 'Local' shader compile jobs with 'High' priority
[2023.01.27-15.00.52:441][  0]LogShaderCompilers: Display: Worker (1/3): shaders left to compile 1032
[2023.01.27-15.00.52:441][  0]LogShaderCompilers: Display: Started 10 'Local' shader compile jobs with 'High' priority
[2023.01.27-15.01.04:583][  0]LogShaderCompilers: Display: Worker (3/3): shaders left to compile 1022
[2023.01.27-15.01.04:583][  0]LogShaderCompilers: Display: Started 10 'Local' shader compile jobs with 'High' priority
[2023.01.27-15.01.05:143][  0]LogShaderCompilers: Display: Worker (2/3): shaders left to compile 1012
[2023.01.27-15.01.05:143][  0]LogShaderCompilers: Display: Started 10 'Local' shader compile jobs with 'High' priority
[2023.01.27-15.01.55:679][  0]LogShaderCompilers: Display: Worker (3/3): shaders left to compile 1002
[2023.01.27-15.01.55:679][  0]LogShaderCompilers: Display: Started 10 'Local' shader compile jobs with 'High' priority
[2023.01.27-15.02.04:447][  0]LogShaderCompilers: Display: Worker (1/3): shaders left to compile 992
[2023.01.27-15.02.04:447][  0]LogShaderCompilers: Display: Started 10 'Local' shader compile jobs with 'High' priority
[2023.01.27-15.02.06:718][  0]LogShaderCompilers: Display: Worker (2/3): shaders left to compile 982
[2023.01.27-15.02.06:718][  0]LogShaderCompilers: Display: Started 10 'Local' shader compile jobs with 'High' priority
[2023.01.27-15.02.35:778][  0]LogShaderCompilers: Display: Worker (3/3): shaders left to compile 972
[2023.01.27-15.02.35:778][  0]LogShaderCompilers: Display: Started 10 'Local' shader compile jobs with 'High' priority
[2023.01.27-15.02.35:778][  0]LogShaderCompilers: Display: Worker (2/3): shaders left to compile 962
[2023.01.27-15.02.35:778][  0]LogShaderCompilers: Display: Started 10 'Local' shader compile jobs with 'High' priority
[2023.01.27-15.02.37:460][  0]LogShaderCompilers: Display: Worker (1/3): shaders left to compile 952
[2023.01.27-15.02.37:460][  0]LogShaderCompilers: Display: Started 10 'Local' shader compile jobs with 'High' priority
[2023.01.27-15.02.53:721][  0]LogShaderCompilers: Display: Worker (1/3): shaders left to compile 942
[2023.01.27-15.02.53:721][  0]LogShaderCompilers: Display: Started 10 'Local' shader compile jobs with 'High' priority
[2023.01.27-15.02.54:843][  0]LogShaderCompilers: Display: Worker (2/3): shaders left to compile 932
[2023.01.27-15.02.54:843][  0]LogShaderCompilers: Display: Started 10 'Local' shader compile jobs with 'High' priority
[2023.01.27-15.02.54:843][  0]LogShaderCompilers: Display: Worker (3/3): shaders left to compile 922
[2023.01.27-15.02.54:843][  0]LogShaderCompilers: Display: Started 10 'Local' shader compile jobs with 'High' priority
[2023.01.27-15.03.12:241][  0]LogShaderCompilers: Display: Worker (3/3): shaders left to compile 912
[2023.01.27-15.03.12:241][  0]LogShaderCompilers: Display: Started 10 'Local' shader compile jobs with 'High' priority
[2023.01.27-15.03.13:923][  0]LogShaderCompilers: Display: Worker (1/3): shaders left to compile 902
[2023.01.27-15.03.13:923][  0]LogShaderCompilers: Display: Started 10 'Local' shader compile jobs with 'High' priority
[2023.01.27-15.03.14:483][  0]LogShaderCompilers: Display: Worker (2/3): shaders left to compile 892
[2023.01.27-15.03.14:483][  0]LogShaderCompilers: Display: Started 10 'Local' shader compile jobs with 'High' priority
[2023.01.27-15.03.32:448][  0]LogShaderCompilers: Display: Worker (2/3): shaders left to compile 882
[2023.01.27-15.03.32:448][  0]LogShaderCompilers: Display: Started 10 'Local' shader compile jobs with 'High' priority
[2023.01.27-15.03.32:448][  0]LogShaderCompilers: Display: Worker (1/3): shaders left to compile 872
[2023.01.27-15.03.32:448][  0]LogShaderCompilers: Display: Started 10 'Local' shader compile jobs with 'High' priority
[2023.01.27-15.03.33:570][  0]LogShaderCompilers: Display: Worker (3/3): shaders left to compile 862
[2023.01.27-15.03.33:570][  0]LogShaderCompilers: Display: Started 10 'Local' shader compile jobs with 'High' priority
[2023.01.27-15.03.49:268][  0]LogShaderCompilers: Display: Worker (3/3): shaders left to compile 852
[2023.01.27-15.03.49:268][  0]LogShaderCompilers: Display: Started 10 'Local' shader compile jobs with 'High' priority
[2023.01.27-15.03.50:389][  0]LogShaderCompilers: Display: Worker (1/3): shaders left to compile 842
[2023.01.27-15.03.50:389][  0]LogShaderCompilers: Display: Started 10 'Local' shader compile jobs with 'High' priority
[2023.01.27-15.03.52:071][  0]LogShaderCompilers: Display: Worker (2/3): shaders left to compile 832
[2023.01.27-15.03.52:071][  0]LogShaderCompilers: Display: Started 10 'Local' shader compile jobs with 'High' priority
[2023.01.27-15.04.07:250][  0]LogShaderCompilers: Display: Worker (1/3): shaders left to compile 822
[2023.01.27-15.04.07:250][  0]LogShaderCompilers: Display: Started 10 'Local' shader compile jobs with 'High' priority
[2023.01.27-15.04.07:810][  0]LogShaderCompilers: Display: Worker (3/3): shaders left to compile 812
[2023.01.27-15.04.07:810][  0]LogShaderCompilers: Display: Started 10 'Local' shader compile jobs with 'High' priority
[2023.01.27-15.04.09:492][  0]LogShaderCompilers: Display: Worker (2/3): shaders left to compile 802
[2023.01.27-15.04.09:492][  0]LogShaderCompilers: Display: Started 10 'Local' shader compile jobs with 'High' priority
[2023.01.27-15.04.23:524][  0]LogShaderCompilers: Display: Worker (3/3): shaders left to compile 792
[2023.01.27-15.04.23:524][  0]LogShaderCompilers: Display: Started 10 'Local' shader compile jobs with 'High' priority
[2023.01.27-15.04.24:645][  0]LogShaderCompilers: Display: Worker (2/3): shaders left to compile 782
[2023.01.27-15.04.24:645][  0]LogShaderCompilers: Display: Started 10 'Local' shader compile jobs with 'High' priority
[2023.01.27-15.04.25:206][  0]LogShaderCompilers: Display: Worker (1/3): shaders left to compile 772
[2023.01.27-15.04.25:206][  0]LogShaderCompilers: Display: Started 10 'Local' shader compile jobs with 'High' priority
[2023.01.27-15.04.43:192][  0]LogShaderCompilers: Display: Worker (2/3): shaders left to compile 762
[2023.01.27-15.04.43:192][  0]LogShaderCompilers: Display: Started 10 'Local' shader compile jobs with 'High' priority
[2023.01.27-15.04.44:313][  0]LogShaderCompilers: Display: Worker (1/3): shaders left to compile 752
[2023.01.27-15.04.44:313][  0]LogShaderCompilers: Display: Started 10 'Local' shader compile jobs with 'High' priority
[2023.01.27-15.04.45:436][  0]LogShaderCompilers: Display: Worker (3/3): shaders left to compile 742
[2023.01.27-15.04.45:436][  0]LogShaderCompilers: Display: Started 10 'Local' shader compile jobs with 'High' priority
[2023.01.27-15.05.00:053][  0]LogShaderCompilers: Display: Worker (1/3): shaders left to compile 732
[2023.01.27-15.05.00:053][  0]LogShaderCompilers: Display: Started 10 'Local' shader compile jobs with 'High' priority
[2023.01.27-15.05.01:175][  0]LogShaderCompilers: Display: Worker (2/3): shaders left to compile 722
[2023.01.27-15.05.01:175][  0]LogShaderCompilers: Display: Started 10 'Local' shader compile jobs with 'High' priority
[2023.01.27-15.05.02:297][  0]LogShaderCompilers: Display: Worker (3/3): shaders left to compile 712
[2023.01.27-15.05.02:297][  0]LogShaderCompilers: Display: Started 10 'Local' shader compile jobs with 'High' priority
[2023.01.27-15.05.09:587][  0]LogShaderCompilers: Display: Worker (1/3): shaders left to compile 702
[2023.01.27-15.05.09:587][  0]LogShaderCompilers: Display: Started 10 'Local' shader compile jobs with 'High' priority
[2023.01.27-15.05.21:372][  0]LogShaderCompilers: Display: Worker (2/3): shaders left to compile 692
[2023.01.27-15.05.21:372][  0]LogShaderCompilers: Display: Started 10 'Local' shader compile jobs with 'High' priority
[2023.01.27-15.05.21:933][  0]LogShaderCompilers: Display: Worker (3/3): shaders left to compile 682
[2023.01.27-15.05.21:933][  0]LogShaderCompilers: Display: Started 10 'Local' shader compile jobs with 'High' priority
[2023.01.27-15.05.29:221][  0]LogShaderCompilers: Display: Worker (1/3): shaders left to compile 672
[2023.01.27-15.05.29:221][  0]LogShaderCompilers: Display: Started 10 'Local' shader compile jobs with 'High' priority
[2023.01.27-15.05.36:510][  0]LogShaderCompilers: Display: Worker (2/3): shaders left to compile 662
[2023.01.27-15.05.36:510][  0]LogShaderCompilers: Display: Started 10 'Local' shader compile jobs with 'High' priority
[2023.01.27-15.05.49:966][  0]LogShaderCompilers: Display: Worker (1/3): shaders left to compile 652
[2023.01.27-15.05.49:966][  0]LogShaderCompilers: Display: Started 10 'Local' shader compile jobs with 'High' priority
[2023.01.27-15.05.53:331][  0]LogShaderCompilers: Display: Worker (3/3): shaders left to compile 642
[2023.01.27-15.05.53:331][  0]LogShaderCompilers: Display: Started 10 'Local' shader compile jobs with 'High' priority
[2023.01.27-15.05.55:574][  0]LogShaderCompilers: Display: Worker (2/3): shaders left to compile 632
[2023.01.27-15.05.55:574][  0]LogShaderCompilers: Display: Started 10 'Local' shader compile jobs with 'High' priority
[2023.01.27-15.06.09:617][  0]LogShaderCompilers: Display: Worker (3/3): shaders left to compile 622
[2023.01.27-15.06.09:617][  0]LogShaderCompilers: Display: Started 10 'Local' shader compile jobs with 'High' priority
[2023.01.27-15.06.11:860][  0]LogShaderCompilers: Display: Worker (2/3): shaders left to compile 612
[2023.01.27-15.06.11:860][  0]LogShaderCompilers: Display: Started 10 'Local' shader compile jobs with 'High' priority
[2023.01.27-15.06.13:542][  0]LogShaderCompilers: Display: Worker (1/3): shaders left to compile 602
[2023.01.27-15.06.13:542][  0]LogShaderCompilers: Display: Started 10 'Local' shader compile jobs with 'High' priority
[2023.01.27-15.06.30:383][  0]LogShaderCompilers: Display: Worker (3/3): shaders left to compile 592
[2023.01.27-15.06.30:383][  0]LogShaderCompilers: Display: Started 10 'Local' shader compile jobs with 'High' priority
[2023.01.27-15.06.30:383][  0]LogShaderCompilers: Display: Worker (2/3): shaders left to compile 582
[2023.01.27-15.06.30:383][  0]LogShaderCompilers: Display: Started 10 'Local' shader compile jobs with 'High' priority
[2023.01.27-15.06.36:556][  0]LogShaderCompilers: Display: Worker (1/3): shaders left to compile 572
[2023.01.27-15.06.36:556][  0]LogShaderCompilers: Display: Started 10 'Local' shader compile jobs with 'High' priority
[2023.01.27-15.06.53:981][  0]LogShaderCompilers: Display: Worker (3/3): shaders left to compile 562
[2023.01.27-15.06.53:981][  0]LogShaderCompilers: Display: Started 10 'Local' shader compile jobs with 'High' priority
[2023.01.27-15.06.55:102][  0]LogShaderCompilers: Display: Worker (1/3): shaders left to compile 552
[2023.01.27-15.06.55:102][  0]LogShaderCompilers: Display: Started 10 'Local' shader compile jobs with 'High' priority
[2023.01.27-15.06.55:663][  0]LogShaderCompilers: Display: Worker (2/3): shaders left to compile 542
[2023.01.27-15.06.55:663][  0]LogShaderCompilers: Display: Started 10 'Local' shader compile jobs with 'High' priority
[2023.01.27-15.07.09:712][  0]LogShaderCompilers: Display: Worker (1/3): shaders left to compile 532
[2023.01.27-15.07.09:712][  0]LogShaderCompilers: Display: Started 10 'Local' shader compile jobs with 'High' priority
[2023.01.27-15.07.16:440][  0]LogShaderCompilers: Display: Worker (2/3): shaders left to compile 522
[2023.01.27-15.07.16:440][  0]LogShaderCompilers: Display: Started 10 'Local' shader compile jobs with 'High' priority
[2023.01.27-15.07.17:561][  0]LogShaderCompilers: Display: Worker (3/3): shaders left to compile 512
[2023.01.27-15.07.17:561][  0]LogShaderCompilers: Display: Started 10 'Local' shader compile jobs with 'High' priority
[2023.01.27-15.07.34:418][  0]LogShaderCompilers: Display: Worker (2/3): shaders left to compile 502
[2023.01.27-15.07.34:418][  0]LogShaderCompilers: Display: Started 10 'Local' shader compile jobs with 'High' priority
[2023.01.27-15.07.35:539][  0]LogShaderCompilers: Display: Worker (3/3): shaders left to compile 492
[2023.01.27-15.07.35:539][  0]LogShaderCompilers: Display: Started 10 'Local' shader compile jobs with 'High' priority
[2023.01.27-15.07.37:222][  0]LogShaderCompilers: Display: Worker (1/3): shaders left to compile 482
[2023.01.27-15.07.37:222][  0]LogShaderCompilers: Display: Started 10 'Local' shader compile jobs with 'High' priority
[2023.01.27-15.07.53:537][  0]LogShaderCompilers: Display: Worker (3/3): shaders left to compile 472
[2023.01.27-15.07.53:537][  0]LogShaderCompilers: Display: Started 10 'Local' shader compile jobs with 'High' priority
[2023.01.27-15.07.58:022][  0]LogShaderCompilers: Display: Worker (1/3): shaders left to compile 462
[2023.01.27-15.07.58:022][  0]LogShaderCompilers: Display: Started 10 'Local' shader compile jobs with 'High' priority
[2023.01.27-15.08.01:387][  0]LogShaderCompilers: Display: Worker (2/3): shaders left to compile 452
[2023.01.27-15.08.01:387][  0]LogShaderCompilers: Display: Started 10 'Local' shader compile jobs with 'High' priority
[2023.01.27-15.08.08:696][  0]LogShaderCompilers: Display: Worker (3/3): shaders left to compile 442
[2023.01.27-15.08.08:696][  0]LogShaderCompilers: Display: Started 10 'Local' shader compile jobs with 'High' priority
[2023.01.27-15.08.14:302][  0]LogShaderCompilers: Display: Worker (2/3): shaders left to compile 432
[2023.01.27-15.08.14:302][  0]LogShaderCompilers: Display: Started 10 'Local' shader compile jobs with 'High' priority
[2023.01.27-15.08.18:227][  0]LogShaderCompilers: Display: Worker (1/3): shaders left to compile 422
[2023.01.27-15.08.18:227][  0]LogShaderCompilers: Display: Started 10 'Local' shader compile jobs with 'High' priority
[2023.01.27-15.08.27:812][  0]LogShaderCompilers: Display: Worker (2/3): shaders left to compile 412
[2023.01.27-15.08.27:812][  0]LogShaderCompilers: Display: Started 10 'Local' shader compile jobs with 'High' priority
[2023.01.27-15.08.29:496][  0]LogShaderCompilers: Display: Worker (3/3): shaders left to compile 402
[2023.01.27-15.08.29:496][  0]LogShaderCompilers: Display: Started 10 'Local' shader compile jobs with 'High' priority
[2023.01.27-15.08.42:963][  0]LogShaderCompilers: Display: Worker (1/3): shaders left to compile 392
[2023.01.27-15.08.42:963][  0]LogShaderCompilers: Display: Started 10 'Local' shader compile jobs with 'High' priority
[2023.01.27-15.08.45:766][  0]LogShaderCompilers: Display: Worker (2/3): shaders left to compile 382
[2023.01.27-15.08.45:766][  0]LogShaderCompilers: Display: Started 10 'Local' shader compile jobs with 'High' priority
[2023.01.27-15.08.53:811][  0]LogShaderCompilers: Display: Worker (3/3): shaders left to compile 372
[2023.01.27-15.08.53:811][  0]LogShaderCompilers: Display: Started 10 'Local' shader compile jobs with 'High' priority
[2023.01.27-15.09.27:392][  0]LogShaderCompilers: Display: Worker (1/3): shaders left to compile 362
[2023.01.27-15.09.27:392][  0]LogShaderCompilers: Display: Started 10 'Local' shader compile jobs with 'High' priority
[2023.01.27-15.09.34:687][  0]LogShaderCompilers: Display: Worker (2/3): shaders left to compile 352
[2023.01.27-15.09.34:687][  0]LogShaderCompilers: Display: Started 10 'Local' shader compile jobs with 'High' priority
[2023.01.27-15.09.36:371][  0]LogShaderCompilers: Display: Worker (3/3): shaders left to compile 342
[2023.01.27-15.09.36:371][  0]LogShaderCompilers: Display: Started 10 'Local' shader compile jobs with 'High' priority
[2023.01.27-15.10.00:170][  0]LogShaderCompilers: Display: Worker (2/3): shaders left to compile 332
[2023.01.27-15.10.00:170][  0]LogShaderCompilers: Display: Started 10 'Local' shader compile jobs with 'High' priority
[2023.01.27-15.10.02:422][  0]LogShaderCompilers: Display: Worker (1/3): shaders left to compile 322
[2023.01.27-15.10.02:422][  0]LogShaderCompilers: Display: Started 10 'Local' shader compile jobs with 'High' priority
[2023.01.27-15.10.10:319][  0]LogShaderCompilers: Display: Worker (3/3): shaders left to compile 312
[2023.01.27-15.10.10:319][  0]LogShaderCompilers: Display: Started 10 'Local' shader compile jobs with 'High' priority
[2023.01.27-15.10.23:242][  0]LogShaderCompilers: Display: Worker (2/3): shaders left to compile 302
[2023.01.27-15.10.23:242][  0]LogShaderCompilers: Display: Started 10 'Local' shader compile jobs with 'High' priority
[2023.01.27-15.10.24:931][  0]LogShaderCompilers: Display: Worker (1/3): shaders left to compile 292
[2023.01.27-15.10.24:931][  0]LogShaderCompilers: Display: Started 10 'Local' shader compile jobs with 'High' priority
[2023.01.27-15.10.36:257][  0]LogShaderCompilers: Display: Worker (3/3): shaders left to compile 282
[2023.01.27-15.10.36:257][  0]LogShaderCompilers: Display: Started 10 'Local' shader compile jobs with 'High' priority
[2023.01.27-15.10.48:968][  0]LogShaderCompilers: Display: Worker (2/3): shaders left to compile 272
[2023.01.27-15.10.48:968][  0]LogShaderCompilers: Display: Started 10 'Local' shader compile jobs with 'High' priority
[2023.01.27-15.10.55:718][  0]LogShaderCompilers: Display: Worker (1/3): shaders left to compile 262
[2023.01.27-15.10.55:718][  0]LogShaderCompilers: Display: Started 10 'Local' shader compile jobs with 'High' priority
[2023.01.27-15.11.02:673][  0]LogShaderCompilers: Display: Worker (3/3): shaders left to compile 252
[2023.01.27-15.11.02:673][  0]LogShaderCompilers: Display: Started 10 'Local' shader compile jobs with 'High' priority
[2023.01.27-15.11.49:127][  0]LogShaderCompilers: Display: Worker (2/3): shaders left to compile 242
[2023.01.27-15.11.49:127][  0]LogShaderCompilers: Display: Started 10 'Local' shader compile jobs with 'High' priority
[2023.01.27-15.11.59:026][  0]LogShaderCompilers: Display: Worker (3/3): shaders left to compile 232
[2023.01.27-15.11.59:026][  0]LogShaderCompilers: Display: Started 10 'Local' shader compile jobs with 'High' priority
[2023.01.27-15.12.05:301][  0]LogShaderCompilers: Display: Worker (1/3): shaders left to compile 222
[2023.01.27-15.12.05:301][  0]LogShaderCompilers: Display: Started 10 'Local' shader compile jobs with 'High' priority
[2023.01.27-15.13.06:914][  0]LogShaderCompilers: Display: Worker (3/3): shaders left to compile 212
[2023.01.27-15.13.06:914][  0]LogShaderCompilers: Display: Started 10 'Local' shader compile jobs with 'High' priority
[2023.01.27-15.13.06:914][  0]LogShaderCompilers: Display: Worker (1/3): shaders left to compile 202
[2023.01.27-15.13.06:914][  0]LogShaderCompilers: Display: Started 10 'Local' shader compile jobs with 'High' priority
[2023.01.27-15.13.06:914][  0]LogShaderCompilers: Display: Worker (2/3): shaders left to compile 192
[2023.01.27-15.13.06:914][  0]LogShaderCompilers: Display: Started 10 'Local' shader compile jobs with 'High' priority
[2023.01.27-15.13.35:845][  0]LogShaderCompilers: Display: Worker (1/3): shaders left to compile 182
[2023.01.27-15.13.35:845][  0]LogShaderCompilers: Display: Started 10 'Local' shader compile jobs with 'High' priority
